<?xml version="1.0" encoding="UTF-8"?>
<testsuite name="PhoneValidatorTest" tests="2" skipped="0" failures="0" errors="0" timestamp="2020-07-01T23:57:55" hostname="paulo" time="0.001">
  <properties/>
  <testcase name="shouldValidateInvalidValues" classname="PhoneValidatorTest" time="0.001"/>
  <testcase name="shouldValidateValidValues" classname="PhoneValidatorTest" time="0.0"/>
  <system-out><![CDATA[]]></system-out>
  <system-err><![CDATA[]]></system-err>
</testsuite>
