<?xml version="1.0" encoding="UTF-8"?>
<testsuite name="CalculatorTests" tests="2" skipped="0" failures="0" errors="0" timestamp="2021-03-22T00:17:22" hostname="paulo" time="0.031">
  <properties/>
  <testcase name="testComplexLogarithm()" classname="CalculatorTests" time="0.029"/>
  <testcase name="testCustomLogarithm()" classname="CalculatorTests" time="0.001"/>
  <system-out><![CDATA[]]></system-out>
  <system-err><![CDATA[]]></system-err>
</testsuite>
