<?xml version="1.0" encoding="UTF-8"?>
<testsuite name="CalculatorTest" tests="2" skipped="0" failures="0" errors="0" timestamp="2021-03-21T23:47:30" hostname="paulo" time="0.017">
  <properties/>
  <testcase name="testComplexLogarithm()" classname="CalculatorTest" time="0.015"/>
  <testcase name="testCustomLogarithm()" classname="CalculatorTest" time="0.001"/>
  <system-out><![CDATA[]]></system-out>
  <system-err><![CDATA[]]></system-err>
</testsuite>
